#
# There is insufficient memory for the Java Runtime Environment to continue.
# Native memory allocation (malloc) failed to allocate 1136656 bytes for Chunk::new
# Possible reasons:
#   The system is out of physical RAM or swap space
#   In 32 bit mode, the process size limit was hit
# Possible solutions:
#   Reduce memory load on the system
#   Increase physical memory or swap space
#   Check if swap backing store is full
#   Use 64 bit Java on a 64 bit OS
#   Decrease Java heap size (-Xmx/-Xms)
#   Decrease number of Java threads
#   Decrease Java thread stack sizes (-Xss)
#   Set larger code cache with -XX:ReservedCodeCacheSize=
# This output file may be truncated or incomplete.
#
#  Out of Memory Error (allocation.cpp:390), pid=12496, tid=0x0000000000001d40
#
# JRE version: OpenJDK Runtime Environment (8.0_152-b02) (build 1.8.0_152-release-1024-b02)
# Java VM: OpenJDK 64-Bit Server VM (25.152-b02 mixed mode windows-amd64 compressed oops)
# Failed to write core dump. Minidumps are not enabled by default on client versions of Windows
#

---------------  T H R E A D  ---------------

Current thread (0x000000001823d800):  JavaThread "C2 CompilerThread1" daemon [_thread_in_native, id=7488, stack(0x0000000019ad0000,0x0000000019bd0000)]

Stack: [0x0000000019ad0000,0x0000000019bd0000]
[error occurred during error reporting (printing stack bounds), id 0xc0000005]

Native frames: (J=compiled Java code, j=interpreted, Vv=VM code, C=native code)


Current CompileTask:
C2:3117811 20067       4       com.android.tools.r8.dex.FileWriter::collect (214 bytes)


---------------  P R O C E S S  ---------------

Java Threads: ( => current thread )
  0x000000001f247800 JavaThread "ForkJoinPool.commonPool-worker-13" daemon [_thread_blocked, id=8492, stack(0x000000003d440000,0x000000003d540000)]
  0x000000001f24e000 JavaThread "ForkJoinPool.commonPool-worker-4" daemon [_thread_blocked, id=7388, stack(0x000000003d340000,0x000000003d440000)]
  0x000000001f246800 JavaThread "ForkJoinPool.commonPool-worker-11" daemon [_thread_blocked, id=2044, stack(0x000000003d240000,0x000000003d340000)]
  0x000000001e835800 JavaThread "ForkJoinPool.commonPool-worker-5" daemon [_thread_blocked, id=12896, stack(0x000000003cc40000,0x000000003cd40000)]
  0x000000001e82d000 JavaThread "ForkJoinPool.commonPool-worker-12" daemon [_thread_blocked, id=14300, stack(0x000000003cb40000,0x000000003cc40000)]
  0x000000001f24d800 JavaThread "Task worker for ':' Thread 3" [_thread_blocked, id=6372, stack(0x000000003bc40000,0x000000003bd40000)]
  0x000000001f246000 JavaThread "Task worker for ':' Thread 2" [_thread_in_native, id=7928, stack(0x000000003bb40000,0x000000003bc40000)]
  0x000000001f248000 JavaThread "Task worker for ':'" [_thread_blocked, id=14232, stack(0x000000003ba40000,0x000000003bb40000)]
  0x000000001f24c800 JavaThread "Cache worker for Build Output Cleanup Cache (D:\Users\Taylor\AndroidStudioProjects\MyApplication\.gradle\buildOutputCleanup)" [_thread_blocked, id=7880, stack(0x000000003b940000,0x000000003ba40000)]
  0x000000001f245000 JavaThread "Cache worker for task history cache (D:\Users\Taylor\AndroidStudioProjects\MyApplication\.gradle\4.4\taskHistory)" [_thread_blocked, id=12992, stack(0x000000003b840000,0x000000003b940000)]
  0x000000001f24c000 JavaThread "Cache worker for file content cache (D:\Users\Taylor\AndroidStudioProjects\MyApplication\.gradle\4.4\fileContent)" [_thread_blocked, id=11356, stack(0x000000003b740000,0x000000003b840000)]
  0x000000001f24b000 JavaThread "build operations Thread 4" [_thread_blocked, id=928, stack(0x000000003b640000,0x000000003b740000)]
  0x000000001a6dc800 JavaThread "build operations Thread 3" [_thread_blocked, id=13120, stack(0x000000003b540000,0x000000003b640000)]
  0x000000001a6db000 JavaThread "build operations Thread 2" [_thread_blocked, id=11908, stack(0x000000003b440000,0x000000003b540000)]
  0x000000001a6da000 JavaThread "build operations" [_thread_blocked, id=7744, stack(0x000000003b340000,0x000000003b440000)]
  0x000000001a6d2800 JavaThread "Cache worker for Artifact transforms cache (C:\Users\Taylor\.gradle\caches\transforms-1)" [_thread_blocked, id=2804, stack(0x000000003b240000,0x000000003b340000)]
  0x000000001a6d9800 JavaThread "Cache worker for file hash cache (D:\Users\Taylor\AndroidStudioProjects\MyApplication\.gradle\4.4\fileHashes)" [_thread_blocked, id=11228, stack(0x000000003b140000,0x000000003b240000)]
  0x000000001a6d3800 JavaThread "Stdin handler" [_thread_blocked, id=7512, stack(0x000000003b040000,0x000000003b140000)]
  0x000000001a6d2000 JavaThread "Asynchronous log dispatcher for DefaultDaemonConnection: socket connection from /127.0.0.1:50557 to /127.0.0.1:51248" [_thread_in_Java, id=2392, stack(0x000000003af40000,0x000000003b040000)]
  0x000000001a6cf000 JavaThread "Cancel handler" [_thread_blocked, id=10688, stack(0x000000003ae40000,0x000000003af40000)]
  0x000000001a6ce000 JavaThread "Handler for socket connection from /127.0.0.1:50557 to /127.0.0.1:51248" [_thread_in_native, id=11800, stack(0x000000003ad40000,0x000000003ae40000)]
  0x000000001e4eb800 JavaThread "Daemon worker Thread 3" [_thread_blocked, id=3340, stack(0x000000002a170000,0x000000002a270000)]
  0x000000001e4ea800 JavaThread "Daemon Thread 3" [_thread_blocked, id=2188, stack(0x0000000029e70000,0x0000000029f70000)]
  0x000000001e82b000 JavaThread "Memory manager" [_thread_blocked, id=11120, stack(0x0000000024070000,0x0000000024170000)]
  0x000000001b51a800 JavaThread "File lock request listener" [_thread_in_native, id=13388, stack(0x000000001d0c0000,0x000000001d1c0000)]
  0x000000001b621000 JavaThread "Cache worker for file hash cache (C:\Users\Taylor\.gradle\caches\4.4\fileHashes)" [_thread_blocked, id=7332, stack(0x000000001cfc0000,0x000000001d0c0000)]
  0x000000001b34c000 JavaThread "Daemon periodic checks" [_thread_blocked, id=6324, stack(0x000000001c4c0000,0x000000001c5c0000)]
  0x000000001b323800 JavaThread "Incoming local TCP Connector on port 50557" [_thread_in_native, id=10936, stack(0x000000001bfe0000,0x000000001c0e0000)]
  0x0000000019cf8800 JavaThread "Service Thread" daemon [_thread_blocked, id=10628, stack(0x000000001a0d0000,0x000000001a1d0000)]
  0x000000001824a800 JavaThread "C1 CompilerThread2" daemon [_thread_blocked, id=812, stack(0x0000000019bd0000,0x0000000019cd0000)]
=>0x000000001823d800 JavaThread "C2 CompilerThread1" daemon [_thread_in_native, id=7488, stack(0x0000000019ad0000,0x0000000019bd0000)]
  0x0000000018249800 JavaThread "C2 CompilerThread0" daemon [_thread_blocked, id=8216, stack(0x00000000199d0000,0x0000000019ad0000)]
  0x0000000018248000 JavaThread "Attach Listener" daemon [_thread_blocked, id=11180, stack(0x00000000198d0000,0x00000000199d0000)]
  0x0000000018247000 JavaThread "Signal Dispatcher" daemon [_thread_blocked, id=2628, stack(0x00000000197d0000,0x00000000198d0000)]
  0x0000000018229000 JavaThread "Finalizer" daemon [_thread_blocked, id=10352, stack(0x00000000194e0000,0x00000000195e0000)]
  0x0000000018207800 JavaThread "Reference Handler" daemon [_thread_blocked, id=4732, stack(0x00000000193e0000,0x00000000194e0000)]
  0x00000000046be000 JavaThread "main" [_thread_blocked, id=4720, stack(0x00000000046c0000,0x00000000047c0000)]

Other Threads:
  0x0000000018204800 VMThread [stack: 0x00000000192e0000,0x00000000193e0000] [id=8864]
  0x000000001829b800 WatcherThread [stack: 0x000000001a1d0000,0x000000001a2d0000] [id=13176]

VM state:not at safepoint (normal execution)

VM Mutex/Monitor currently owned by a thread: None

Heap:
 PSYoungGen      total 348160K, used 201543K [0x00000000e0000000, 0x00000000f7d80000, 0x0000000100000000)
  eden space 317952K, 59% used [0x00000000e0000000,0x00000000eb97f560,0x00000000f3680000)
  from space 30208K, 38% used [0x00000000f6000000,0x00000000f6b528a0,0x00000000f7d80000)
  to   space 36352K, 0% used [0x00000000f3680000,0x00000000f3680000,0x00000000f5a00000)
 ParOldGen       total 273920K, used 81207K [0x00000000a0000000, 0x00000000b0b80000, 0x00000000e0000000)
  object space 273920K, 29% used [0x00000000a0000000,0x00000000a4f4df60,0x00000000b0b80000)
 Metaspace       used 125432K, capacity 132364K, committed 132608K, reserved 1165312K
  class space    used 16130K, capacity 17559K, committed 17664K, reserved 1048576K

Card table byte_map: [0x0000000013c90000,0x0000000013fa0000] byte_map_base: 0x0000000013790000

Marking Bits: (ParMarkBitMap*) 0x000000006fe84970
 Begin Bits: [0x00000000145a0000, 0x0000000015da0000)
 End Bits:   [0x0000000015da0000, 0x00000000175a0000)

Polling page: 0x0000000002a10000

CodeCache: size=245760Kb used=55256Kb max_used=55266Kb free=190503Kb
 bounds [0x00000000048d0000, 0x0000000007f50000, 0x00000000138d0000]
 total_blobs=17107 nmethods=16245 adapters=774
 compilation: enabled

Compilation events (10 events):
Event: 3117.574 Thread 0x0000000018249800 20064   !   4       com.android.tools.r8.graph.DexProgramClass::computeStaticValues (203 bytes)
Event: 3117.575 Thread 0x000000001823d800 nmethod 20066 0x0000000007bfa310 code [0x0000000007bfa4a0, 0x0000000007bfa7c8]
Event: 3117.575 Thread 0x000000001823d800 20067       4       com.android.tools.r8.dex.FileWriter::collect (214 bytes)
Event: 3117.595 Thread 0x0000000018249800 nmethod 20064 0x0000000006fb3f50 code [0x0000000006fb4140, 0x0000000006fb5538]
Event: 3117.647 Thread 0x000000001824a800 20072   !   3       org.gradle.cache.internal.CacheAccessWorker$2::run (157 bytes)
Event: 3117.649 Thread 0x000000001824a800 nmethod 20072 0x0000000007f22210 code [0x0000000007f22760, 0x0000000007f25f88]
Event: 3117.738 Thread 0x0000000018249800 20073       4       java.util.concurrent.FutureTask::awaitDone (171 bytes)
Event: 3117.741 Thread 0x0000000018249800 nmethod 20073 0x0000000007bf9b50 code [0x0000000007bf9cc0, 0x0000000007bfa068]
Event: 3117.742 Thread 0x0000000018249800 20074       4       com.google.common.cache.LocalCache$StrongAccessEntry::<init> (29 bytes)
Event: 3117.742 Thread 0x0000000018249800 nmethod 20074 0x0000000005563e50 code [0x0000000005563f80, 0x0000000005564058]

GC Heap History (10 events):
Event: 3068.434 GC heap before
{Heap before GC invocations=22 (full 4):
 PSYoungGen      total 291328K, used 291271K [0x00000000e0000000, 0x00000000f5e80000, 0x0000000100000000)
  eden space 268800K, 100% used [0x00000000e0000000,0x00000000f0680000,0x00000000f0680000)
  from space 22528K, 99% used [0x00000000f0e80000,0x00000000f2471cc0,0x00000000f2480000)
  to   space 45056K, 0% used [0x00000000f3280000,0x00000000f3280000,0x00000000f5e80000)
 ParOldGen       total 273920K, used 81167K [0x00000000a0000000, 0x00000000b0b80000, 0x00000000e0000000)
  object space 273920K, 29% used [0x00000000a0000000,0x00000000a4f43f60,0x00000000b0b80000)
 Metaspace       used 123563K, capacity 129886K, committed 130176K, reserved 1163264K
  class space    used 15906K, capacity 17226K, committed 17280K, reserved 1048576K
Event: 3068.446 GC heap after
Heap after GC invocations=22 (full 4):
 PSYoungGen      total 294400K, used 16617K [0x00000000e0000000, 0x00000000f5300000, 0x0000000100000000)
  eden space 261120K, 0% used [0x00000000e0000000,0x00000000e0000000,0x00000000eff00000)
  from space 33280K, 49% used [0x00000000f3280000,0x00000000f42ba438,0x00000000f5300000)
  to   space 43008K, 0% used [0x00000000eff00000,0x00000000eff00000,0x00000000f2900000)
 ParOldGen       total 273920K, used 81175K [0x00000000a0000000, 0x00000000b0b80000, 0x00000000e0000000)
  object space 273920K, 29% used [0x00000000a0000000,0x00000000a4f45f60,0x00000000b0b80000)
 Metaspace       used 123563K, capacity 129886K, committed 130176K, reserved 1163264K
  class space    used 15906K, capacity 17226K, committed 17280K, reserved 1048576K
}
Event: 3087.766 GC heap before
{Heap before GC invocations=23 (full 4):
 PSYoungGen      total 294400K, used 277621K [0x00000000e0000000, 0x00000000f5300000, 0x0000000100000000)
  eden space 261120K, 99% used [0x00000000e0000000,0x00000000efee3100,0x00000000eff00000)
  from space 33280K, 49% used [0x00000000f3280000,0x00000000f42ba438,0x00000000f5300000)
  to   space 43008K, 0% used [0x00000000eff00000,0x00000000eff00000,0x00000000f2900000)
 ParOldGen       total 273920K, used 81175K [0x00000000a0000000, 0x00000000b0b80000, 0x00000000e0000000)
  object space 273920K, 29% used [0x00000000a0000000,0x00000000a4f45f60,0x00000000b0b80000)
 Metaspace       used 124865K, capacity 131538K, committed 131712K, reserved 1163264K
  class space    used 16093K, capacity 17484K, committed 17536K, reserved 1048576K
Event: 3087.790 GC heap after
Heap after GC invocations=23 (full 4):
 PSYoungGen      total 271872K, used 18062K [0x00000000e0000000, 0x00000000f4780000, 0x0000000100000000)
  eden space 253440K, 0% used [0x00000000e0000000,0x00000000e0000000,0x00000000ef780000)
  from space 18432K, 97% used [0x00000000eff00000,0x00000000f10a3b70,0x00000000f1100000)
  to   space 40960K, 0% used [0x00000000f1f80000,0x00000000f1f80000,0x00000000f4780000)
 ParOldGen       total 273920K, used 81183K [0x00000000a0000000, 0x00000000b0b80000, 0x00000000e0000000)
  object space 273920K, 29% used [0x00000000a0000000,0x00000000a4f47f60,0x00000000b0b80000)
 Metaspace       used 124865K, capacity 131538K, committed 131712K, reserved 1163264K
  class space    used 16093K, capacity 17484K, committed 17536K, reserved 1048576K
}
Event: 3089.015 GC heap before
{Heap before GC invocations=24 (full 4):
 PSYoungGen      total 271872K, used 271090K [0x00000000e0000000, 0x00000000f4780000, 0x0000000100000000)
  eden space 253440K, 99% used [0x00000000e0000000,0x00000000ef718cc8,0x00000000ef780000)
  from space 18432K, 97% used [0x00000000eff00000,0x00000000f10a3b70,0x00000000f1100000)
  to   space 40960K, 0% used [0x00000000f1f80000,0x00000000f1f80000,0x00000000f4780000)
 ParOldGen       total 273920K, used 81183K [0x00000000a0000000, 0x00000000b0b80000, 0x00000000e0000000)
  object space 273920K, 29% used [0x00000000a0000000,0x00000000a4f47f60,0x00000000b0b80000)
 Metaspace       used 125010K, capacity 131800K, committed 131968K, reserved 1163264K
  class space    used 16100K, capacity 17495K, committed 17536K, reserved 1048576K
Event: 3089.030 GC heap after
Heap after GC invocations=24 (full 4):
 PSYoungGen      total 275968K, used 18177K [0x00000000e0000000, 0x00000000f3c80000, 0x0000000100000000)
  eden space 246272K, 0% used [0x00000000e0000000,0x00000000e0000000,0x00000000ef080000)
  from space 29696K, 61% used [0x00000000f1f80000,0x00000000f31404e0,0x00000000f3c80000)
  to   space 38912K, 0% used [0x00000000ef080000,0x00000000ef080000,0x00000000f1680000)
 ParOldGen       total 273920K, used 81191K [0x00000000a0000000, 0x00000000b0b80000, 0x00000000e0000000)
  object space 273920K, 29% used [0x00000000a0000000,0x00000000a4f49f60,0x00000000b0b80000)
 Metaspace       used 125010K, capacity 131800K, committed 131968K, reserved 1163264K
  class space    used 16100K, capacity 17495K, committed 17536K, reserved 1048576K
}
Event: 3089.065 GC heap before
{Heap before GC invocations=25 (full 4):
 PSYoungGen      total 275968K, used 264362K [0x00000000e0000000, 0x00000000f3c80000, 0x0000000100000000)
  eden space 246272K, 99% used [0x00000000e0000000,0x00000000ef06a688,0x00000000ef080000)
  from space 29696K, 61% used [0x00000000f1f80000,0x00000000f31404e0,0x00000000f3c80000)
  to   space 38912K, 0% used [0x00000000ef080000,0x00000000ef080000,0x00000000f1680000)
 ParOldGen       total 273920K, used 81191K [0x00000000a0000000, 0x00000000b0b80000, 0x00000000e0000000)
  object space 273920K, 29% used [0x00000000a0000000,0x00000000a4f49f60,0x00000000b0b80000)
 Metaspace       used 125011K, capacity 131800K, committed 131968K, reserved 1163264K
  class space    used 16100K, capacity 17495K, committed 17536K, reserved 1048576K
Event: 3089.076 GC heap after
Heap after GC invocations=25 (full 4):
 PSYoungGen      total 285184K, used 15341K [0x00000000e0000000, 0x00000000f8480000, 0x0000000100000000)
  eden space 246272K, 0% used [0x00000000e0000000,0x00000000e0000000,0x00000000ef080000)
  from space 38912K, 39% used [0x00000000ef080000,0x00000000eff7b5d0,0x00000000f1680000)
  to   space 37376K, 0% used [0x00000000f6000000,0x00000000f6000000,0x00000000f8480000)
 ParOldGen       total 273920K, used 81199K [0x00000000a0000000, 0x00000000b0b80000, 0x00000000e0000000)
  object space 273920K, 29% used [0x00000000a0000000,0x00000000a4f4bf60,0x00000000b0b80000)
 Metaspace       used 125011K, capacity 131800K, committed 131968K, reserved 1163264K
  class space    used 16100K, capacity 17495K, committed 17536K, reserved 1048576K
}
Event: 3111.463 GC heap before
{Heap before GC invocations=26 (full 4):
 PSYoungGen      total 285184K, used 261613K [0x00000000e0000000, 0x00000000f8480000, 0x0000000100000000)
  eden space 246272K, 100% used [0x00000000e0000000,0x00000000ef080000,0x00000000ef080000)
  from space 38912K, 39% used [0x00000000ef080000,0x00000000eff7b5d0,0x00000000f1680000)
  to   space 37376K, 0% used [0x00000000f6000000,0x00000000f6000000,0x00000000f8480000)
 ParOldGen       total 273920K, used 81199K [0x00000000a0000000, 0x00000000b0b80000, 0x00000000e0000000)
  object space 273920K, 29% used [0x00000000a0000000,0x00000000a4f4bf60,0x00000000b0b80000)
 Metaspace       used 125140K, capacity 131976K, committed 132352K, reserved 1163264K
  class space    used 16120K, capacity 17543K, committed 17664K, reserved 1048576K
Event: 3111.485 GC heap after
Heap after GC invocations=26 (full 4):
 PSYoungGen      total 348160K, used 11594K [0x00000000e0000000, 0x00000000f7d80000, 0x0000000100000000)
  eden space 317952K, 0% used [0x00000000e0000000,0x00000000e0000000,0x00000000f3680000)
  from space 30208K, 38% used [0x00000000f6000000,0x00000000f6b528a0,0x00000000f7d80000)
  to   space 36352K, 0% used [0x00000000f3680000,0x00000000f3680000,0x00000000f5a00000)
 ParOldGen       total 273920K, used 81207K [0x00000000a0000000, 0x00000000b0b80000, 0x00000000e0000000)
  object space 273920K, 29% used [0x00000000a0000000,0x00000000a4f4df60,0x00000000b0b80000)
 Metaspace       used 125140K, capacity 131976K, committed 132352K, reserved 1163264K
  class space    used 16120K, capacity 17543K, committed 17664K, reserved 1048576K
}

Deoptimization events (10 events):
Event: 3116.109 Thread 0x000000001f246000 Uncommon trap: reason=speculate_class_check action=maybe_recompile pc=0x0000000004b60208 method=java.nio.charset.CharsetEncoder.reset()Ljava/nio/charset/CharsetEncoder; @ 1
Event: 3116.109 Thread 0x000000001f246000 Uncommon trap: reason=speculate_class_check action=maybe_recompile pc=0x0000000004b60208 method=java.nio.charset.CharsetEncoder.reset()Ljava/nio/charset/CharsetEncoder; @ 1
Event: 3116.390 Thread 0x000000001f246000 Uncommon trap: reason=class_check action=maybe_recompile pc=0x000000000774ac98 method=java.util.Collections$SetFromMap.add(Ljava/lang/Object;)Z @ 8
Event: 3116.409 Thread 0x000000001e82d000 Uncommon trap: reason=unstable_if action=reinterpret pc=0x0000000007c911b8 method=com.android.tools.r8.graph.DexCode.collectMixedSectionItems(Lcom/android/tools/r8/dex/MixedSectionCollection;)V @ 12
Event: 3116.409 Thread 0x000000001e82d000 Uncommon trap: reason=unstable_if action=reinterpret pc=0x0000000007c85b64 method=com.android.tools.r8.graph.DexCode.collectMixedSectionItems(Lcom/android/tools/r8/dex/MixedSectionCollection;)V @ 12
Event: 3116.822 Thread 0x000000001f252000 Uncommon trap: reason=bimorphic action=maybe_recompile pc=0x000000000732dfe0 method=com.android.tools.r8.com.google.common.collect.AbstractIndexedListIterator.next()Ljava/lang/Object; @ 27
Event: 3116.831 Thread 0x000000001e831800 Uncommon trap: reason=unstable_if action=reinterpret pc=0x00000000077311a8 method=com.android.tools.r8.ir.regalloc.LiveIntervals.nextOverlap(Lcom/android/tools/r8/ir/regalloc/LiveIntervals;)I @ 71
Event: 3116.862 Thread 0x000000001e82d000 Uncommon trap: reason=unstable_if action=reinterpret pc=0x0000000007567258 method=com.android.tools.r8.ir.conversion.JarState$Slot.isCategory1(Lcom/android/tools/r8/org/objectweb/asm/Type;)Z @ 4
Event: 3117.459 Thread 0x000000001f24e000 Uncommon trap: reason=array_check action=maybe_recompile pc=0x00000000062dbf68 method=java.util.TimSort.mergeLo(IIII)V @ 375
Event: 3117.498 Thread 0x000000001f247800 Uncommon trap: reason=array_check action=maybe_recompile pc=0x00000000062dbf68 method=java.util.TimSort.mergeLo(IIII)V @ 375

Classes redefined (0 events):
No events

Internal exceptions (10 events):
Event: 3117.521 Thread 0x000000001f246800 Exception <a 'sun/nio/fs/WindowsException'> (0x00000000ea52c958) thrown at [D:\src\AOSP-openjdk-cygwin\jdk8u\hotspot\src\share\vm\prims\jni.cpp, line 709]
Event: 3117.521 Thread 0x000000001f246800 Exception <a 'sun/nio/fs/WindowsException'> (0x00000000ea52d158) thrown at [D:\src\AOSP-openjdk-cygwin\jdk8u\hotspot\src\share\vm\prims\jni.cpp, line 709]
Event: 3117.521 Thread 0x000000001f246800 Exception <a 'sun/nio/fs/WindowsException'> (0x00000000ea52d9f8) thrown at [D:\src\AOSP-openjdk-cygwin\jdk8u\hotspot\src\share\vm\prims\jni.cpp, line 709]
Event: 3117.521 Thread 0x000000001f246800 Exception <a 'sun/nio/fs/WindowsException'> (0x00000000eb5ea4e0) thrown at [D:\src\AOSP-openjdk-cygwin\jdk8u\hotspot\src\share\vm\prims\jni.cpp, line 709]
Event: 3117.521 Thread 0x000000001f246800 Exception <a 'sun/nio/fs/WindowsException'> (0x00000000eb5ead60) thrown at [D:\src\AOSP-openjdk-cygwin\jdk8u\hotspot\src\share\vm\prims\jni.cpp, line 709]
Event: 3117.521 Thread 0x000000001f246800 Exception <a 'sun/nio/fs/WindowsException'> (0x00000000eb5eb4d0) thrown at [D:\src\AOSP-openjdk-cygwin\jdk8u\hotspot\src\share\vm\prims\jni.cpp, line 709]
Event: 3117.521 Thread 0x000000001f246800 Exception <a 'sun/nio/fs/WindowsException'> (0x00000000eb5ebd40) thrown at [D:\src\AOSP-openjdk-cygwin\jdk8u\hotspot\src\share\vm\prims\jni.cpp, line 709]
Event: 3117.521 Thread 0x000000001e835800 Exception <a 'sun/nio/fs/WindowsException'> (0x00000000eb5855a8) thrown at [D:\src\AOSP-openjdk-cygwin\jdk8u\hotspot\src\share\vm\prims\jni.cpp, line 709]
Event: 3117.523 Thread 0x000000001f252000 Exception <a 'sun/nio/fs/WindowsException'> (0x00000000eb1c6a10) thrown at [D:\src\AOSP-openjdk-cygwin\jdk8u\hotspot\src\share\vm\prims\jni.cpp, line 709]
Event: 3117.524 Thread 0x000000001f24e000 Exception <a 'sun/nio/fs/WindowsException'> (0x00000000eb69ccf0) thrown at [D:\src\AOSP-openjdk-cygwin\jdk8u\hotspot\src\share\vm\prims\jni.cpp, line 709]

Events (10 events):
Event: 3117.544 Executing VM operation: RevokeBias
Event: 3117.544 Executing VM operation: RevokeBias done
Event: 3117.544 Thread 0x000000001e831800 Thread exited: 0x000000001e831800
Event: 3117.544 Executing VM operation: RevokeBias
Event: 3117.544 Executing VM operation: RevokeBias done
Event: 3117.544 Thread 0x000000001e82e800 Thread exited: 0x000000001e82e800
Event: 3117.544 Executing VM operation: RevokeBias
Event: 3117.544 Executing VM operation: RevokeBias done
Event: 3117.545 Thread 0x000000001e838800 Thread exited: 0x000000001e838800
Event: 3117.545 Thread 0x000000001e838000 Thread exited: 0x000000001e838000


Dynamic libraries:
0x00007ff65c630000 - 0x00007ff65c661000 	D:\Program Files\Android\Android Studio\jre\bin\java.exe
0x00007ff80cb70000 - 0x00007ff80cd50000 	C:\WINDOWS\SYSTEM32\ntdll.dll
0x00007ff80a350000 - 0x00007ff80a3fe000 	C:\WINDOWS\System32\KERNEL32.DLL
0x00007ff809b80000 - 0x00007ff809de6000 	C:\WINDOWS\System32\KERNELBASE.dll
0x00007ff80c3e0000 - 0x00007ff80c481000 	C:\WINDOWS\System32\ADVAPI32.dll
0x00007ff80c2e0000 - 0x00007ff80c37d000 	C:\WINDOWS\System32\msvcrt.dll
0x00007ff80c0e0000 - 0x00007ff80c13b000 	C:\WINDOWS\System32\sechost.dll
0x00007ff80bca0000 - 0x00007ff80bdbf000 	C:\WINDOWS\System32\RPCRT4.dll
0x00007ff80bdd0000 - 0x00007ff80bf5f000 	C:\WINDOWS\System32\USER32.dll
0x00007ff808fd0000 - 0x00007ff808ff0000 	C:\WINDOWS\System32\win32u.dll
0x00007ff80c9f0000 - 0x00007ff80ca18000 	C:\WINDOWS\System32\GDI32.dll
0x00007ff809df0000 - 0x00007ff809f83000 	C:\WINDOWS\System32\gdi32full.dll
0x00007ff809ae0000 - 0x00007ff809b7b000 	C:\WINDOWS\System32\msvcp_win.dll
0x00007ff8091c0000 - 0x00007ff8092b6000 	C:\WINDOWS\System32\ucrtbase.dll
0x00007ffffaa60000 - 0x00007ffffacc9000 	C:\WINDOWS\WinSxS\amd64_microsoft.windows.common-controls_6595b64144ccf1df_6.0.16299.309_none_15cfd4c4935e6b11\COMCTL32.dll
0x00007ff80a040000 - 0x00007ff80a348000 	C:\WINDOWS\System32\combase.dll
0x00007ff809a60000 - 0x00007ff809ad2000 	C:\WINDOWS\System32\bcryptPrimitives.dll
0x00007ff80c0b0000 - 0x00007ff80c0dd000 	C:\WINDOWS\System32\IMM32.DLL
0x000000006f5e0000 - 0x000000006f6b2000 	D:\Program Files\Android\Android Studio\jre\jre\bin\msvcr100.dll
0x000000006f6c0000 - 0x000000006feff000 	D:\Program Files\Android\Android Studio\jre\jre\bin\server\jvm.dll
0x00007ff80ca20000 - 0x00007ff80ca28000 	C:\WINDOWS\System32\PSAPI.DLL
0x00007ffffacf0000 - 0x00007ffffacf9000 	C:\WINDOWS\SYSTEM32\WSOCK32.dll
0x00007ff805780000 - 0x00007ff8057a3000 	C:\WINDOWS\SYSTEM32\WINMM.dll
0x00007ff80c8e0000 - 0x00007ff80c94c000 	C:\WINDOWS\System32\WS2_32.dll
0x00007ff802af0000 - 0x00007ff802afa000 	C:\WINDOWS\SYSTEM32\VERSION.dll
0x00007ff805750000 - 0x00007ff80577a000 	C:\WINDOWS\SYSTEM32\winmmbase.dll
0x00007ff8092c0000 - 0x00007ff80930a000 	C:\WINDOWS\System32\cfgmgr32.dll
0x00007ff802d10000 - 0x00007ff802d1f000 	D:\Program Files\Android\Android Studio\jre\jre\bin\verify.dll
0x00007ffff5990000 - 0x00007ffff59b9000 	D:\Program Files\Android\Android Studio\jre\jre\bin\java.dll
0x00007ff801f40000 - 0x00007ff801f56000 	D:\Program Files\Android\Android Studio\jre\jre\bin\zip.dll
0x00007ff80a470000 - 0x00007ff80b8a6000 	C:\WINDOWS\System32\SHELL32.dll
0x00007ff80b980000 - 0x00007ff80ba26000 	C:\WINDOWS\System32\shcore.dll
0x00007ff809310000 - 0x00007ff809a57000 	C:\WINDOWS\System32\windows.storage.dll
0x00007ff80a400000 - 0x00007ff80a451000 	C:\WINDOWS\System32\shlwapi.dll
0x00007ff808f50000 - 0x00007ff808f61000 	C:\WINDOWS\System32\kernel.appcore.dll
0x00007ff808f00000 - 0x00007ff808f4c000 	C:\WINDOWS\System32\powrprof.dll
0x00007ff808ee0000 - 0x00007ff808efb000 	C:\WINDOWS\System32\profapi.dll
0x00007ffff8190000 - 0x00007ffff81aa000 	D:\Program Files\Android\Android Studio\jre\jre\bin\net.dll
0x00007ff808750000 - 0x00007ff8087b6000 	C:\WINDOWS\system32\mswsock.dll
0x00007ffff4e20000 - 0x00007ffff4e31000 	D:\Program Files\Android\Android Studio\jre\jre\bin\nio.dll
0x00007ffff35b0000 - 0x00007ffff35ce000 	C:\Users\Taylor\.gradle\native\25\windows-amd64\native-platform.dll
0x00007ff8019c0000 - 0x00007ff8019cd000 	D:\Program Files\Android\Android Studio\jre\jre\bin\management.dll
0x00007ff808910000 - 0x00007ff808927000 	C:\WINDOWS\SYSTEM32\CRYPTSP.dll
0x00007ff808350000 - 0x00007ff808383000 	C:\WINDOWS\system32\rsaenh.dll
0x00007ff808a20000 - 0x00007ff808a45000 	C:\WINDOWS\SYSTEM32\bcrypt.dll
0x00007ff808df0000 - 0x00007ff808e19000 	C:\WINDOWS\SYSTEM32\USERENV.dll
0x00007ff808930000 - 0x00007ff80893b000 	C:\WINDOWS\SYSTEM32\CRYPTBASE.dll
0x00007ff8084e0000 - 0x00007ff808519000 	C:\WINDOWS\SYSTEM32\IPHLPAPI.DLL
0x00007ff80bdc0000 - 0x00007ff80bdc8000 	C:\WINDOWS\System32\NSI.dll
0x00007ff805160000 - 0x00007ff805176000 	C:\WINDOWS\SYSTEM32\dhcpcsvc6.DLL
0x00007ff805110000 - 0x00007ff80512a000 	C:\WINDOWS\SYSTEM32\dhcpcsvc.DLL
0x00007ffff1d60000 - 0x00007ffff1d84000 	D:\Program Files\Android\Android Studio\jre\jre\bin\sunec.dll
0x00007ff808520000 - 0x00007ff8085d6000 	C:\WINDOWS\SYSTEM32\DNSAPI.dll
0x0000000072140000 - 0x0000000072166000 	C:\Program Files\Bonjour\mdnsNSP.dll
0x00007ff802dc0000 - 0x00007ff802dca000 	C:\Windows\System32\rasadhlp.dll
0x00007ff802e90000 - 0x00007ff802f00000 	C:\WINDOWS\System32\fwpuclnt.dll
0x00007fffff1d0000 - 0x00007fffff1db000 	D:\Program Files\Android\Android Studio\jre\jre\bin\sunmscapi.dll
0x00007ff808ff0000 - 0x00007ff8091be000 	C:\WINDOWS\System32\CRYPT32.dll
0x00007ff808ec0000 - 0x00007ff808ed2000 	C:\WINDOWS\System32\MSASN1.dll
0x00007ff807ff0000 - 0x00007ff808021000 	C:\WINDOWS\SYSTEM32\ntmarta.dll

VM Arguments:
jvm_args: -Xmx1536m -Dfile.encoding=windows-1252 -Duser.country=US -Duser.language=en -Duser.variant 
java_command: org.gradle.launcher.daemon.bootstrap.GradleDaemon 4.4
java_class_path (initial): C:\Users\Taylor\.gradle\wrapper\dists\gradle-4.4-all\9br9xq1tocpiv8o6njlyu5op1\gradle-4.4\lib\gradle-launcher-4.4.jar
Launcher Type: SUN_STANDARD

Environment Variables:
PATH=C:\Program Files (x86)\NVIDIA Corporation\PhysX\Common;C:\ProgramData\Oracle\Java\javapath;C:\WINDOWS\system32;C:\WINDOWS;C:\WINDOWS\System32\Wbem;C:\WINDOWS\System32\WindowsPowerShell\v1.0\;C:\Program Files (x86)\ATI Technologies\ATI.ACE\Core-Static;C:\Program Files\Microsoft SQL Server\110\Tools\Binn\;C:\Program Files (x86)\AMD\ATI.ACE\Core-Static;C:\Program Files (x86)\GtkSharp\2.12\bin;C:\Program Files\Microsoft SQL Server\130\Tools\Binn\;D:\Program Files\CMake\bin;;C:\Users\Taylor\AppData\Local\Microsoft\WindowsApps;D:\Python27;D:\Program Files (x86)\Microsoft VS Code\bin
USERNAME=Taylor
OS=Windows_NT
PROCESSOR_IDENTIFIER=Intel64 Family 6 Model 60 Stepping 3, GenuineIntel



---------------  S Y S T E M  ---------------

OS: Windows 10.0 , 64 bit Build 16299 (10.0.16299.15)

CPU:total 4 (initial active 4) (4 cores per cpu, 1 threads per core) family 6 model 60 stepping 3, cmov, cx8, fxsr, mmx, sse, sse2, sse3, ssse3, sse4.1, sse4.2, popcnt, avx, avx2, aes, clmul, erms, lzcnt, tsc, tscinvbit, bmi1, bmi2

Memory: 4k page, physical 8344052k(1277148k free), swap 11379212k(884k free)

vm_info: OpenJDK 64-Bit Server VM (25.152-b02) for windows-amd64 JRE (1.8.0_152-release-1024-b02), built by "builder" with MS VC++ 10.0 (VS2010)

time: Sat Apr 07 20:12:50 2018
elapsed time: 3117 seconds (0d 0h 51m 57s)

